  Source.cpp
Source.cpp(5): warning C4083: требуется ")"; обнаружен идентификатор "LNK2026"
  Создание кода
  0 of 11 functions ( 0.0%) were compiled, the rest were copied from previous compilation.
    0 functions were new in current compilation
    0 functions had inline decision re-evaluated but remain unchanged
  Создание кода завершено
glut32.lib(glut32.dll) : error LNK2026: небезопасный модуль для образа SAFESEH.
glut32.lib(glut32.dll) : error LNK2026: небезопасный модуль для образа SAFESEH.
glut32.lib(glut32.dll) : error LNK2026: небезопасный модуль для образа SAFESEH.
glut32.lib(glut32.dll) : error LNK2026: небезопасный модуль для образа SAFESEH.
glut32.lib(glut32.dll) : error LNK2026: небезопасный модуль для образа SAFESEH.
glut32.lib(glut32.dll) : error LNK2026: небезопасный модуль для образа SAFESEH.
glut32.lib(glut32.dll) : error LNK2026: небезопасный модуль для образа SAFESEH.
glut32.lib(glut32.dll) : error LNK2026: небезопасный модуль для образа SAFESEH.
glut32.lib(glut32.dll) : error LNK2026: небезопасный модуль для образа SAFESEH.
glut32.lib(glut32.dll) : error LNK2026: небезопасный модуль для образа SAFESEH.
glut32.lib(glut32.dll) : error LNK2026: небезопасный модуль для образа SAFESEH.
glut32.lib(glut32.dll) : error LNK2026: небезопасный модуль для образа SAFESEH.
D:\16it3\Space impact\Release\Space impact.exe : fatal error LNK1281: Не удается создать образ SAFESEH.
